Determining if the function crc32c_value exists in the crc32c failed with the following output:
Change Dir: /home/aish/leveldb/benchmarks/CMakeFiles/CMakeTmp

Run Build Command:"/usr/bin/make" "cmTC_66ba7/fast"
/usr/bin/make -f CMakeFiles/cmTC_66ba7.dir/build.make CMakeFiles/cmTC_66ba7.dir/build
make[1]: Entering directory '/home/aish/leveldb/benchmarks/CMakeFiles/CMakeTmp'
Building C object CMakeFiles/cmTC_66ba7.dir/CheckFunctionExists.c.o
/usr/bin/cc   -DCHECK_FUNCTION_EXISTS=crc32c_value   -std=c11 -o CMakeFiles/cmTC_66ba7.dir/CheckFunctionExists.c.o   -c /usr/share/cmake-3.10/Modules/CheckFunctionExists.c
Linking C executable cmTC_66ba7
/usr/bin/cmake -E cmake_link_script CMakeFiles/cmTC_66ba7.dir/link.txt --verbose=1
/usr/bin/cc  -DCHECK_FUNCTION_EXISTS=crc32c_value    CMakeFiles/cmTC_66ba7.dir/CheckFunctionExists.c.o  -o cmTC_66ba7 -lcrc32c 
/usr/bin/ld: cannot find -lcrc32c
collect2: error: ld returned 1 exit status
CMakeFiles/cmTC_66ba7.dir/build.make:97: recipe for target 'cmTC_66ba7' failed
make[1]: *** [cmTC_66ba7] Error 1
make[1]: Leaving directory '/home/aish/leveldb/benchmarks/CMakeFiles/CMakeTmp'
Makefile:126: recipe for target 'cmTC_66ba7/fast' failed
make: *** [cmTC_66ba7/fast] Error 2


Determining if the function malloc exists in the tcmalloc failed with the following output:
Change Dir: /home/aish/leveldb/benchmarks/CMakeFiles/CMakeTmp

Run Build Command:"/usr/bin/make" "cmTC_b65ce/fast"
/usr/bin/make -f CMakeFiles/cmTC_b65ce.dir/build.make CMakeFiles/cmTC_b65ce.dir/build
make[1]: Entering directory '/home/aish/leveldb/benchmarks/CMakeFiles/CMakeTmp'
Building C object CMakeFiles/cmTC_b65ce.dir/CheckFunctionExists.c.o
/usr/bin/cc   -DCHECK_FUNCTION_EXISTS=malloc   -std=c11 -o CMakeFiles/cmTC_b65ce.dir/CheckFunctionExists.c.o   -c /usr/share/cmake-3.10/Modules/CheckFunctionExists.c
<command-line>:0:23: warning: conflicting types for built-in function ‘malloc’ [-Wbuiltin-declaration-mismatch]
/usr/share/cmake-3.10/Modules/CheckFunctionExists.c:7:3: note: in expansion of macro ‘CHECK_FUNCTION_EXISTS’
   CHECK_FUNCTION_EXISTS(void);
   ^~~~~~~~~~~~~~~~~~~~~
Linking C executable cmTC_b65ce
/usr/bin/cmake -E cmake_link_script CMakeFiles/cmTC_b65ce.dir/link.txt --verbose=1
/usr/bin/cc  -DCHECK_FUNCTION_EXISTS=malloc    CMakeFiles/cmTC_b65ce.dir/CheckFunctionExists.c.o  -o cmTC_b65ce -ltcmalloc 
/usr/bin/ld: cannot find -ltcmalloc
collect2: error: ld returned 1 exit status
CMakeFiles/cmTC_b65ce.dir/build.make:97: recipe for target 'cmTC_b65ce' failed
make[1]: *** [cmTC_b65ce] Error 1
make[1]: Leaving directory '/home/aish/leveldb/benchmarks/CMakeFiles/CMakeTmp'
Makefile:126: recipe for target 'cmTC_b65ce/fast' failed
make: *** [cmTC_b65ce/fast] Error 2


Determining if the F_FULLFSYNC exist failed with the following output:
Change Dir: /home/aish/leveldb/benchmarks/CMakeFiles/CMakeTmp

Run Build Command:"/usr/bin/make" "cmTC_b739c/fast"
/usr/bin/make -f CMakeFiles/cmTC_b739c.dir/build.make CMakeFiles/cmTC_b739c.dir/build
make[1]: Entering directory '/home/aish/leveldb/benchmarks/CMakeFiles/CMakeTmp'
Building CXX object CMakeFiles/cmTC_b739c.dir/CheckSymbolExists.cxx.o
/usr/bin/c++    -std=c++11 -o CMakeFiles/cmTC_b739c.dir/CheckSymbolExists.cxx.o -c /home/aish/leveldb/benchmarks/CMakeFiles/CMakeTmp/CheckSymbolExists.cxx
/home/aish/leveldb/benchmarks/CMakeFiles/CMakeTmp/CheckSymbolExists.cxx: In function ‘int main(int, char**)’:
/home/aish/leveldb/benchmarks/CMakeFiles/CMakeTmp/CheckSymbolExists.cxx:8:19: error: ‘F_FULLFSYNC’ was not declared in this scope
   return ((int*)(&F_FULLFSYNC))[argc];
                   ^~~~~~~~~~~
/home/aish/leveldb/benchmarks/CMakeFiles/CMakeTmp/CheckSymbolExists.cxx:8:19: note: suggested alternative: ‘O_FSYNC’
   return ((int*)(&F_FULLFSYNC))[argc];
                   ^~~~~~~~~~~
                   O_FSYNC
CMakeFiles/cmTC_b739c.dir/build.make:65: recipe for target 'CMakeFiles/cmTC_b739c.dir/CheckSymbolExists.cxx.o' failed
make[1]: *** [CMakeFiles/cmTC_b739c.dir/CheckSymbolExists.cxx.o] Error 1
make[1]: Leaving directory '/home/aish/leveldb/benchmarks/CMakeFiles/CMakeTmp'
Makefile:126: recipe for target 'cmTC_b739c/fast' failed
make: *** [cmTC_b739c/fast] Error 2

File /home/aish/leveldb/benchmarks/CMakeFiles/CMakeTmp/CheckSymbolExists.cxx:
/* */
#include <fcntl.h>

int main(int argc, char** argv)
{
  (void)argv;
#ifndef F_FULLFSYNC
  return ((int*)(&F_FULLFSYNC))[argc];
#else
  (void)argc;
  return 0;
#endif
}

Performing C++ SOURCE FILE Test HAVE_CLANG_THREAD_SAFETY failed with the following output:
Change Dir: /home/aish/leveldb/benchmarks/CMakeFiles/CMakeTmp

Run Build Command:"/usr/bin/make" "cmTC_82094/fast"
/usr/bin/make -f CMakeFiles/cmTC_82094.dir/build.make CMakeFiles/cmTC_82094.dir/build
make[1]: Entering directory '/home/aish/leveldb/benchmarks/CMakeFiles/CMakeTmp'
Building CXX object CMakeFiles/cmTC_82094.dir/src.cxx.o
/usr/bin/c++    -fno-exceptions -fno-rtti -DHAVE_CLANG_THREAD_SAFETY   -Wthread-safety -std=c++11 -o CMakeFiles/cmTC_82094.dir/src.cxx.o -c /home/aish/leveldb/benchmarks/CMakeFiles/CMakeTmp/src.cxx
c++: error: unrecognized command line option '-Wthread-safety'; did you mean '-fthread-jumps'?
CMakeFiles/cmTC_82094.dir/build.make:65: recipe for target 'CMakeFiles/cmTC_82094.dir/src.cxx.o' failed
make[1]: *** [CMakeFiles/cmTC_82094.dir/src.cxx.o] Error 1
make[1]: Leaving directory '/home/aish/leveldb/benchmarks/CMakeFiles/CMakeTmp'
Makefile:126: recipe for target 'cmTC_82094/fast' failed
make: *** [cmTC_82094/fast] Error 2

Source file was:
int main() { return 0; }
Determining if the pthread_create exist failed with the following output:
Change Dir: /home/aish/leveldb/benchmarks/CMakeFiles/CMakeTmp

Run Build Command:"/usr/bin/make" "cmTC_d1d03/fast"
/usr/bin/make -f CMakeFiles/cmTC_d1d03.dir/build.make CMakeFiles/cmTC_d1d03.dir/build
make[1]: Entering directory '/home/aish/leveldb/benchmarks/CMakeFiles/CMakeTmp'
Building C object CMakeFiles/cmTC_d1d03.dir/CheckSymbolExists.c.o
/usr/bin/cc   -Wstrict-prototypes    -std=c11 -o CMakeFiles/cmTC_d1d03.dir/CheckSymbolExists.c.o   -c /home/aish/leveldb/benchmarks/CMakeFiles/CMakeTmp/CheckSymbolExists.c
Linking C executable cmTC_d1d03
/usr/bin/cmake -E cmake_link_script CMakeFiles/cmTC_d1d03.dir/link.txt --verbose=1
/usr/bin/cc  -Wstrict-prototypes     CMakeFiles/cmTC_d1d03.dir/CheckSymbolExists.c.o  -o cmTC_d1d03 
CMakeFiles/cmTC_d1d03.dir/CheckSymbolExists.c.o: In function `main':
CheckSymbolExists.c:(.text+0x1b): undefined reference to `pthread_create'
collect2: error: ld returned 1 exit status
CMakeFiles/cmTC_d1d03.dir/build.make:97: recipe for target 'cmTC_d1d03' failed
make[1]: *** [cmTC_d1d03] Error 1
make[1]: Leaving directory '/home/aish/leveldb/benchmarks/CMakeFiles/CMakeTmp'
Makefile:126: recipe for target 'cmTC_d1d03/fast' failed
make: *** [cmTC_d1d03/fast] Error 2

File /home/aish/leveldb/benchmarks/CMakeFiles/CMakeTmp/CheckSymbolExists.c:
/* */
#include <pthread.h>

int main(int argc, char** argv)
{
  (void)argv;
#ifndef pthread_create
  return ((int*)(&pthread_create))[argc];
#else
  (void)argc;
  return 0;
#endif
}

Determining if the function pthread_create exists in the pthreads failed with the following output:
Change Dir: /home/aish/leveldb/benchmarks/CMakeFiles/CMakeTmp

Run Build Command:"/usr/bin/make" "cmTC_25d3a/fast"
/usr/bin/make -f CMakeFiles/cmTC_25d3a.dir/build.make CMakeFiles/cmTC_25d3a.dir/build
make[1]: Entering directory '/home/aish/leveldb/benchmarks/CMakeFiles/CMakeTmp'
Building C object CMakeFiles/cmTC_25d3a.dir/CheckFunctionExists.c.o
/usr/bin/cc   -Wstrict-prototypes -DCHECK_FUNCTION_EXISTS=pthread_create   -std=c11 -o CMakeFiles/cmTC_25d3a.dir/CheckFunctionExists.c.o   -c /usr/share/cmake-3.10/Modules/CheckFunctionExists.c
Linking C executable cmTC_25d3a
/usr/bin/cmake -E cmake_link_script CMakeFiles/cmTC_25d3a.dir/link.txt --verbose=1
/usr/bin/cc  -Wstrict-prototypes -DCHECK_FUNCTION_EXISTS=pthread_create    CMakeFiles/cmTC_25d3a.dir/CheckFunctionExists.c.o  -o cmTC_25d3a -lpthreads 
/usr/bin/ld: cannot find -lpthreads
collect2: error: ld returned 1 exit status
CMakeFiles/cmTC_25d3a.dir/build.make:97: recipe for target 'cmTC_25d3a' failed
make[1]: *** [cmTC_25d3a] Error 1
make[1]: Leaving directory '/home/aish/leveldb/benchmarks/CMakeFiles/CMakeTmp'
Makefile:126: recipe for target 'cmTC_25d3a/fast' failed
make: *** [cmTC_25d3a/fast] Error 2


Determining if the function sqlite3_open exists in the sqlite3 failed with the following output:
Change Dir: /home/aish/leveldb/benchmarks/CMakeFiles/CMakeTmp

Run Build Command:"/usr/bin/make" "cmTC_d8a6e/fast"
/usr/bin/make -f CMakeFiles/cmTC_d8a6e.dir/build.make CMakeFiles/cmTC_d8a6e.dir/build
make[1]: Entering directory '/home/aish/leveldb/benchmarks/CMakeFiles/CMakeTmp'
Building C object CMakeFiles/cmTC_d8a6e.dir/CheckFunctionExists.c.o
/usr/bin/cc   -Wstrict-prototypes -DCHECK_FUNCTION_EXISTS=sqlite3_open   -o CMakeFiles/cmTC_d8a6e.dir/CheckFunctionExists.c.o   -c /usr/share/cmake-3.10/Modules/CheckFunctionExists.c
Linking C executable cmTC_d8a6e
/usr/bin/cmake -E cmake_link_script CMakeFiles/cmTC_d8a6e.dir/link.txt --verbose=1
/usr/bin/cc  -Wstrict-prototypes -DCHECK_FUNCTION_EXISTS=sqlite3_open    -rdynamic CMakeFiles/cmTC_d8a6e.dir/CheckFunctionExists.c.o  -o cmTC_d8a6e -lsqlite3 
/usr/bin/ld: cannot find -lsqlite3
collect2: error: ld returned 1 exit status
CMakeFiles/cmTC_d8a6e.dir/build.make:97: recipe for target 'cmTC_d8a6e' failed
make[1]: *** [cmTC_d8a6e] Error 1
make[1]: Leaving directory '/home/aish/leveldb/benchmarks/CMakeFiles/CMakeTmp'
Makefile:126: recipe for target 'cmTC_d8a6e/fast' failed
make: *** [cmTC_d8a6e/fast] Error 2


Performing C++ SOURCE FILE Test HAVE_KYOTOCABINET failed with the following output:
Change Dir: /home/aish/leveldb/benchmarks/CMakeFiles/CMakeTmp

Run Build Command:"/usr/bin/make" "cmTC_a4c99/fast"
/usr/bin/make -f CMakeFiles/cmTC_a4c99.dir/build.make CMakeFiles/cmTC_a4c99.dir/build
make[1]: Entering directory '/home/aish/leveldb/benchmarks/CMakeFiles/CMakeTmp'
Building CXX object CMakeFiles/cmTC_a4c99.dir/src.cxx.o
/usr/bin/c++    -fno-exceptions -fno-rtti -DHAVE_KYOTOCABINET   -std=c++11 -o CMakeFiles/cmTC_a4c99.dir/src.cxx.o -c /home/aish/leveldb/benchmarks/CMakeFiles/CMakeTmp/src.cxx
/home/aish/leveldb/benchmarks/CMakeFiles/CMakeTmp/src.cxx:2:10: fatal error: kcpolydb.h: No such file or directory
 #include <kcpolydb.h>
          ^~~~~~~~~~~~
compilation terminated.
CMakeFiles/cmTC_a4c99.dir/build.make:65: recipe for target 'CMakeFiles/cmTC_a4c99.dir/src.cxx.o' failed
make[1]: *** [CMakeFiles/cmTC_a4c99.dir/src.cxx.o] Error 1
make[1]: Leaving directory '/home/aish/leveldb/benchmarks/CMakeFiles/CMakeTmp'
Makefile:126: recipe for target 'cmTC_a4c99/fast' failed
make: *** [cmTC_a4c99/fast] Error 2

Source file was:

#include <kcpolydb.h>

int main() {
  kyotocabinet::TreeDB* db = new kyotocabinet::TreeDB();
  delete db;
  return 0;
}
  
